T:\YEAR2\TERM1\GRAPHICS1\ASSIGNMENT\3DRENDERER\SOURCE\3DRENDERER\DEBUG\3DRENDERER.EXE
T:\year2\term1\Graphics1\assignment\3DRenderer\Source\3DRenderer\Debug\3DRenderer.exe.embed.manifest
T:\year2\term1\Graphics1\assignment\3DRenderer\Source\3DRenderer\Debug\3DRenderer.exe.embed.manifest.res
T:\YEAR2\TERM1\GRAPHICS1\ASSIGNMENT\3DRENDERER\SOURCE\3DRENDERER\DEBUG\3DRENDERER.EXE.INTERMEDIATE.MANIFEST
T:\YEAR2\TERM1\GRAPHICS1\ASSIGNMENT\3DRENDERER\SOURCE\3DRENDERER\DEBUG\3DRENDERER.ILK
T:\YEAR2\TERM1\GRAPHICS1\ASSIGNMENT\3DRENDERER\SOURCE\3DRENDERER\DEBUG\3DRENDERER.OBJ
T:\YEAR2\TERM1\GRAPHICS1\ASSIGNMENT\3DRENDERER\SOURCE\3DRENDERER\DEBUG\3DRENDERER.PCH
T:\YEAR2\TERM1\GRAPHICS1\ASSIGNMENT\3DRENDERER\SOURCE\3DRENDERER\DEBUG\3DRENDERER.PDB
T:\year2\term1\Graphics1\assignment\3DRenderer\Source\3DRenderer\Debug\3DRenderer.res
T:\year2\term1\Graphics1\assignment\3DRenderer\Source\3DRenderer\Debug\3DRenderer_manifest.rc
T:\year2\term1\Graphics1\assignment\3DRenderer\Source\3DRenderer\Debug\cl.command.1.tlog
T:\year2\term1\Graphics1\assignment\3DRenderer\Source\3DRenderer\Debug\CL.read.1.tlog
T:\year2\term1\Graphics1\assignment\3DRenderer\Source\3DRenderer\Debug\CL.write.1.tlog
T:\YEAR2\TERM1\GRAPHICS1\ASSIGNMENT\3DRENDERER\SOURCE\3DRENDERER\DEBUG\LIGHT3D.OBJ
T:\year2\term1\Graphics1\assignment\3DRenderer\Source\3DRenderer\Debug\link.command.1.tlog
T:\year2\term1\Graphics1\assignment\3DRenderer\Source\3DRenderer\Debug\link.read.1.tlog
T:\year2\term1\Graphics1\assignment\3DRenderer\Source\3DRenderer\Debug\link.write.1.tlog
T:\year2\term1\Graphics1\assignment\3DRenderer\Source\3DRenderer\Debug\link-cvtres.read.1.tlog
T:\year2\term1\Graphics1\assignment\3DRenderer\Source\3DRenderer\Debug\link-cvtres.write.1.tlog
T:\YEAR2\TERM1\GRAPHICS1\ASSIGNMENT\3DRENDERER\SOURCE\3DRENDERER\DEBUG\MATRIX4.OBJ
T:\YEAR2\TERM1\GRAPHICS1\ASSIGNMENT\3DRENDERER\SOURCE\3DRENDERER\DEBUG\MESH3D.OBJ
T:\year2\term1\Graphics1\assignment\3DRenderer\Source\3DRenderer\Debug\mt.command.1.tlog
T:\year2\term1\Graphics1\assignment\3DRenderer\Source\3DRenderer\Debug\mt.read.1.tlog
T:\year2\term1\Graphics1\assignment\3DRenderer\Source\3DRenderer\Debug\mt.write.1.tlog
T:\YEAR2\TERM1\GRAPHICS1\ASSIGNMENT\3DRENDERER\SOURCE\3DRENDERER\DEBUG\POLYGON.OBJ
T:\year2\term1\Graphics1\assignment\3DRenderer\Source\3DRenderer\Debug\rc.command.1.tlog
T:\year2\term1\Graphics1\assignment\3DRenderer\Source\3DRenderer\Debug\rc.read.1.tlog
T:\year2\term1\Graphics1\assignment\3DRenderer\Source\3DRenderer\Debug\rc.write.1.tlog
T:\YEAR2\TERM1\GRAPHICS1\ASSIGNMENT\3DRENDERER\SOURCE\3DRENDERER\DEBUG\RENDERER.OBJ
T:\YEAR2\TERM1\GRAPHICS1\ASSIGNMENT\3DRENDERER\SOURCE\3DRENDERER\DEBUG\STDAFX.OBJ
T:\year2\term1\Graphics1\assignment\3DRenderer\Source\3DRenderer\Debug\vc100.idb
T:\YEAR2\TERM1\GRAPHICS1\ASSIGNMENT\3DRENDERER\SOURCE\3DRENDERER\DEBUG\VC100.PDB
T:\YEAR2\TERM1\GRAPHICS1\ASSIGNMENT\3DRENDERER\SOURCE\3DRENDERER\DEBUG\VECTOR3D.OBJ
T:\YEAR2\TERM1\GRAPHICS1\ASSIGNMENT\3DRENDERER\SOURCE\3DRENDERER\DEBUG\VERTEX.OBJ
