Build started 04/01/2013 14:25:49.
     1>Project "T:\year2\term1\Graphics1\assignment\3DRenderer\Source\3DRenderer\3DRenderer.vcxproj" on node 2 (build target(s)).
     1>InitializeBuildStatus:
         Creating "Debug\3DRenderer.unsuccessfulbuild" because "AlwaysCreate" was specified.
       ClCompile:
         All outputs are up-to-date.
         All outputs are up-to-date.
       ResourceCompile:
         All outputs are up-to-date.
       ManifestResourceCompile:
         All outputs are up-to-date.
       Link:
         All outputs are up-to-date.
       Manifest:
         All outputs are up-to-date.
       FinalizeBuildStatus:
         Deleting file "Debug\3DRenderer.unsuccessfulbuild".
         Touching "Debug\3DRenderer.lastbuildstate".
     1>Done Building Project "T:\year2\term1\Graphics1\assignment\3DRenderer\Source\3DRenderer\3DRenderer.vcxproj" (build target(s)).

Build succeeded.

Time Elapsed 00:00:00.18
